<component name="libraryTable">
  <library name="junit-4.12">
    <CLASSES>
      <root url="jar://G:/document/大三上/java web/实验八、九、十/实验八  Spring项目搭建/junit-4.12.jar!/" />
    </CLASSES>
    <JAVADOC />
    <SOURCES />
  </library>
</component>